<?xml version="1.0" encoding="UTF-8"?>
<testsuite name="fleet.vehicles.domain.VehicleFuelLevelDecrementTest" tests="4" skipped="0" failures="0" errors="0" timestamp="2022-04-03T16:55:44" hostname="WMACBCN069029.local" time="0.13">
  <properties/>
  <testcase name="it_should_throw_an_exception_for_negative_values()" classname="fleet.vehicles.domain.VehicleFuelLevelDecrementTest" time="0.118"/>
  <testcase name="it_should_subtract_the_new_value_on_the_old_value()" classname="fleet.vehicles.domain.VehicleFuelLevelDecrementTest" time="0.003"/>
  <testcase name="it_should_accept_positive_final_values()" classname="fleet.vehicles.domain.VehicleFuelLevelDecrementTest" time="0.004"/>
  <testcase name="it_should_throw_an_exception_for_negative_final_values()" classname="fleet.vehicles.domain.VehicleFuelLevelDecrementTest" time="0.003"/>
  <system-out><![CDATA[]]></system-out>
  <system-err><![CDATA[]]></system-err>
</testsuite>
