<?xml version="1.0" encoding="UTF-8"?>
<testsuite name="fleet.vehicles.domain.VehicleBatteryUpdateTest" tests="2" skipped="0" failures="0" errors="0" timestamp="2022-04-03T16:55:44" hostname="WMACBCN069029.local" time="0.004">
  <properties/>
  <testcase name="it_should_throw_an_exception_for_negative_values()" classname="fleet.vehicles.domain.VehicleBatteryUpdateTest" time="0.002"/>
  <testcase name="it_should_update_the_battery_with_a_positive_number()" classname="fleet.vehicles.domain.VehicleBatteryUpdateTest" time="0.002"/>
  <system-out><![CDATA[]]></system-out>
  <system-err><![CDATA[]]></system-err>
</testsuite>
