<?xml version="1.0" encoding="UTF-8"?>
<testsuite name="fleet.vehicles.domain.VehicleCurrentMileageUpdateTest" tests="2" skipped="0" failures="0" errors="0" timestamp="2022-04-03T16:55:44" hostname="WMACBCN069029.local" time="0.003">
  <properties/>
  <testcase name="it_should_accept_a_positive_value()" classname="fleet.vehicles.domain.VehicleCurrentMileageUpdateTest" time="0.001"/>
  <testcase name="it_should_throw_an_exception_for_a_negative_value()" classname="fleet.vehicles.domain.VehicleCurrentMileageUpdateTest" time="0.001"/>
  <system-out><![CDATA[]]></system-out>
  <system-err><![CDATA[]]></system-err>
</testsuite>
